<?xml version="1.0" encoding="UTF-8"?>
<!-- Generated by org.testng.reporters.JUnitReportReporter -->
<testsuite skipped="0" hostname="LAPTOP-3D7VGU5Q" name="testScripts.LoginTest" tests="1" failures="0" timestamp="2021-01-17T16:42:54 IST" time="14.342" errors="0">
  <testcase name="verifyCheckboxClicked" time="14.342" classname="testScripts.LoginTest"/>
  <system-out/>
</testsuite> <!-- testScripts.LoginTest -->
