<?xml version="1.0" encoding="UTF-8"?>
<!-- Generated by org.testng.reporters.JUnitReportReporter -->
<testsuite skipped="0" hostname="LAPTOP-3D7VGU5Q" name="testScripts.CompanyTest" tests="1" failures="0" timestamp="2021-01-19T20:58:00 IST" time="22.632" errors="0">
  <testcase name="verifyStatusBoxClick" time="22.632" classname="testScripts.CompanyTest"/>
  <system-out/>
</testsuite> <!-- testScripts.CompanyTest -->
